<?xml version="1.0" encoding="UTF-8"?>
<testsuite xmlns:xsi="http://www.w3.org/2001/XMLSchema-instance" xsi:noNamespaceSchemaLocation="https://maven.apache.org/surefire/maven-surefire-plugin/xsd/surefire-test-report.xsd" version="3.0.2" name="com.leokenzley.openapiswagger.OpenapiswaggerApplicationTests" time="1.791" tests="1" errors="0" skipped="0" failures="0">
  <properties>
[...]
</properties>
  <testcase name="contextLoads" classname="com.leokenzley.openapiswagger.OpenapiswaggerApplicationTests" time="0.572">
    <system-out><![CDATA[17:53:52.499 [main] INFO org.springframework.test.context.support.AnnotationConfigContextLoaderUtils -- Could not detect default configuration classes for test class [com.leokenzley.openapiswagger.OpenapiswaggerApplicationTests]: OpenapiswaggerApplicationTests does not declare any static, non-private, non-final, nested classes annotated with @Configuration.
17:53:52.572 [main] INFO org.springframework.boot.test.context.SpringBootTestContextBootstrapper -- Found @SpringBootConfiguration com.leokenzley.openapiswagger.OpenapiswaggerApplication for test class com.leokenzley.openapiswagger.OpenapiswaggerApplicationTests

  .   ____          _            __ _ _
 /\\ / ___'_ __ _ _(_)_ __  __ _ \ \ \ \
( ( )\___ | '_ | '_| | '_ \/ _` | \ \ \ \
 \\/  ___)| |_)| | | | | || (_| |  ) ) ) )
  '  |____| .__|_| |_|_| |_\__, | / / / /
 =========|_|==============|___/=/_/_/_/

 :: Spring Boot ::                (v3.4.4)

2025-03-27T17:53:52.833-03:00  INFO 62619 --- [openapiswagger] [           main] c.l.o.OpenapiswaggerApplicationTests     : Starting OpenapiswaggerApplicationTests using Java 24 with PID 62619 (started by leo in /home/leo/Documentos/estudo/openapiswagger)
2025-03-27T17:53:52.834-03:00  INFO 62619 --- [openapiswagger] [           main] c.l.o.OpenapiswaggerApplicationTests     : No active profile set, falling back to 1 default profile: "default"
2025-03-27T17:53:53.612-03:00  INFO 62619 --- [openapiswagger] [           main] c.l.o.OpenapiswaggerApplicationTests     : Started OpenapiswaggerApplicationTests in 0.949 seconds (process running for 1.569)
]]></system-out>
    <system-err><![CDATA[Mockito is currently self-attaching to enable the inline-mock-maker. This will no longer work in future releases of the JDK. Please add Mockito as an agent to your build what is described in Mockito's documentation: https://javadoc.io/doc/org.mockito/mockito-core/latest/org/mockito/Mockito.html#0.3
WARNING: A Java agent has been loaded dynamically (/home/leo/.m2/repository/net/bytebuddy/byte-buddy-agent/1.15.11/byte-buddy-agent-1.15.11.jar)
WARNING: If a serviceability tool is in use, please run with -XX:+EnableDynamicAgentLoading to hide this warning
WARNING: If a serviceability tool is not in use, please run with -Djdk.instrument.traceUsage for more information
WARNING: Dynamic loading of agents will be disallowed by default in a future release
]]></system-err>
  </testcase>
</testsuite>